<?xml version="1.0" encoding="UTF-8"?>
<!-- Generated by org.testng.reporters.JUnitXMLReporter -->
<testsuite hostname="DanielsLappy" ignored="0" name="Default test" tests="4" failures="0" timestamp="2020-04-07T23:29:40 EDT" time="23.588" errors="0">
  <testcase name="bingTest" time="5.439" classname="Interview.PoundSearchTNG"/>
  <testcase name="googleTest" time="5.945" classname="Interview.PoundSearchTNG"/>
  <testcase name="wikiTest" time="10.341" classname="Interview.PoundSearchTNG"/>
  <testcase name="hashTest" time="1.75" classname="Interview.PoundSearchTNG"/>
</testsuite> <!-- Default test -->
