<?xml version="1.0" encoding="UTF-8"?>
<!-- Generated by org.testng.reporters.JUnitXMLReporter -->
<testsuite hostname="DanielsLappy" ignored="0" name="Default test" tests="4" failures="0" timestamp="2020-04-26T16:13:03 EDT" time="14.083" errors="0">
  <testcase name="bingTest" time="3.355" classname="Interview.PoundSearchTNG"/>
  <testcase name="googleTest" time="5.581" classname="Interview.PoundSearchTNG"/>
  <testcase name="wikiTest" time="3.928" classname="Interview.PoundSearchTNG"/>
  <testcase name="hashTest" time="1.154" classname="Interview.PoundSearchTNG"/>
</testsuite> <!-- Default test -->
