<?xml version="1.0" encoding="UTF-8"?>
<!-- Generated by org.testng.reporters.JUnitXMLReporter -->
<testsuite hostname="DanielsLappy" ignored="0" name="Test" tests="6" failures="0" timestamp="2020-04-26T16:15:42 EDT" time="24.553" errors="0">
  <testcase name="bingTest" time="4.162" classname="Interview.PoundSearchTNG"/>
  <testcase name="googleTest" time="5.579" classname="Interview.PoundSearchTNG"/>
  <testcase name="wikiTest" time="6.482" classname="Interview.PoundSearchTNG"/>
  <testcase name="hashTest" time="1.499" classname="Interview.PoundSearchTNG"/>
  <testcase name="highlightImage" time="6.332" classname="Interview.AppTNG"/>
  <testcase name="fizzBuzz" time="0.01" classname="Interview.FizzBuzzTNG"/>
</testsuite> <!-- Test -->
