<?xml version="1.0" encoding="UTF-8"?>
<!-- Generated by org.testng.reporters.JUnitXMLReporter -->
<testsuite hostname="DanielsLappy" ignored="0" name="Test" tests="4" failures="0" timestamp="2020-03-25T23:14:50 EDT" time="15.719" errors="0">
  <testcase name="bingTest" time="2.715" classname="Interview.PoundTestNG"/>
  <testcase name="googleTest" time="6.813" classname="Interview.PoundTestNG"/>
  <testcase name="wikiTest" time="4.488" classname="Interview.PoundTestNG"/>
  <testcase name="hashTest" time="1.612" classname="Interview.PoundTestNG"/>
</testsuite> <!-- Test -->
