<?xml version="1.0" encoding="UTF-8"?>
<testng-results skipped="0" failed="0" ignored="0" total="1" passed="1">
  <reporter-output>
  </reporter-output>
  <suite name="Default suite" duration-ms="10925" started-at="2020-04-26T15:09:41 EDT" finished-at="2020-04-26T15:09:52 EDT">
    <groups>
    </groups>
    <test name="Default test" duration-ms="10925" started-at="2020-04-26T15:09:41 EDT" finished-at="2020-04-26T15:09:52 EDT">
      <class name="Interview.AppTNG">
        <test-method status="PASS" signature="initializeDrivers()[pri:0, instance:Interview.AppTNG@6c49835d]" name="initializeDrivers" is-config="true" duration-ms="3746" started-at="2020-04-26T15:09:38 EDT" finished-at="2020-04-26T15:09:41 EDT">
          <reporter-output>
          </reporter-output>
        </test-method> <!-- initializeDrivers -->
        <test-method status="PASS" signature="highlightImage()[pri:0, instance:Interview.AppTNG@6c49835d]" name="highlightImage" duration-ms="10375" started-at="2020-04-26T15:09:42 EDT" finished-at="2020-04-26T15:09:52 EDT">
          <reporter-output>
          </reporter-output>
        </test-method> <!-- highlightImage -->
        <test-method status="PASS" signature="screenshot()[pri:0, instance:Interview.AppTNG@6c49835d]" name="screenshot" is-config="true" duration-ms="484" started-at="2020-04-26T15:09:52 EDT" finished-at="2020-04-26T15:09:52 EDT">
          <reporter-output>
          </reporter-output>
        </test-method> <!-- screenshot -->
        <test-method status="PASS" signature="afterSuite()[pri:0, instance:Interview.AppTNG@6c49835d]" name="afterSuite" is-config="true" duration-ms="749" started-at="2020-04-26T15:09:52 EDT" finished-at="2020-04-26T15:09:53 EDT">
          <reporter-output>
          </reporter-output>
        </test-method> <!-- afterSuite -->
      </class> <!-- Interview.AppTNG -->
    </test> <!-- Default test -->
  </suite> <!-- Default suite -->
</testng-results>
